Change Component Designator: OldDesignator=*1 NewDesignator=U?
Added Component: Designator=C1(Cap_alu_liggende)
Added Component: Designator=C2(Cap_alu_liggende)
Added Component: Designator=C3(Cap_1210)
Added Component: Designator=C4(Cap_1210)
Added Component: Designator=C5(Cap_1210)
Added Component: Designator=C6(Cap_1210)
Added Component: Designator=C7(Cap_1210)
Added Component: Designator=C8(Cap_1210)
Added Component: Designator=C9(Cap_1210)
Added Component: Designator=C10(Cap_1210)
Added Component: Designator=C11(Cap_1210)
Added Component: Designator=C12(Cap_1210)
Added Component: Designator=D14(LED0603)
Add component (AddParameter): Name = "Availability"; Value = "Unavailable"; VariantName = "[No Variations]"
Add component (AddParameter): Name = "DigiKey-Purchase-URL"; Value = "https://snapeda.com/shop?store=DigiKey&id=230071"; VariantName = "[No Variations]"
Add component (AddParameter): Name = "MF"; Value = "Lite-On Inc."; VariantName = "[No Variations]"
Add component (AddParameter): Name = "Mouser-Purchase-URL"; Value = "https://snapeda.com/shop?store=Mouser&id=230071"; VariantName = "[No Variations]"
Add component (AddParameter): Name = "MP"; Value = "LTW-C193TS5"; VariantName = "[No Variations]"
Add component (AddParameter): Name = "Package"; Value = "0603 Lite-On"; VariantName = "[No Variations]"
Add component (AddParameter): Name = "Price"; Value = "None"; VariantName = "[No Variations]"
Add component (AddParameter): Name = "SnapEDA_Link"; Value = "https://www.snapeda.com/parts/LTW-C193TS5/Lite-On%20Inc./view-part/230071/?ref=snap"; VariantName = "[No Variations]"
Add component (AddParameter): Name = "Value"; Value = ""; VariantName = "[No Variations]"
Added Component: Designator=D15(LED0603)
Add component (AddParameter): Name = "Availability"; Value = "Unavailable"; VariantName = "[No Variations]"
Add component (AddParameter): Name = "DigiKey-Purchase-URL"; Value = "https://snapeda.com/shop?store=DigiKey&id=230071"; VariantName = "[No Variations]"
Add component (AddParameter): Name = "MF"; Value = "Lite-On Inc."; VariantName = "[No Variations]"
Add component (AddParameter): Name = "Mouser-Purchase-URL"; Value = "https://snapeda.com/shop?store=Mouser&id=230071"; VariantName = "[No Variations]"
Add component (AddParameter): Name = "MP"; Value = "LTW-C193TS5"; VariantName = "[No Variations]"
Add component (AddParameter): Name = "Package"; Value = "0603 Lite-On"; VariantName = "[No Variations]"
Add component (AddParameter): Name = "Price"; Value = "None"; VariantName = "[No Variations]"
Add component (AddParameter): Name = "SnapEDA_Link"; Value = "https://www.snapeda.com/parts/LTW-C193TS5/Lite-On%20Inc./view-part/230071/?ref=snap"; VariantName = "[No Variations]"
Add component (AddParameter): Name = "Value"; Value = ""; VariantName = "[No Variations]"
Added Component: Designator=D17(LED0603)
Add component (AddParameter): Name = "Availability"; Value = "Unavailable"; VariantName = "[No Variations]"
Add component (AddParameter): Name = "DigiKey-Purchase-URL"; Value = "https://snapeda.com/shop?store=DigiKey&id=230071"; VariantName = "[No Variations]"
Add component (AddParameter): Name = "MF"; Value = "Lite-On Inc."; VariantName = "[No Variations]"
Add component (AddParameter): Name = "Mouser-Purchase-URL"; Value = "https://snapeda.com/shop?store=Mouser&id=230071"; VariantName = "[No Variations]"
Add component (AddParameter): Name = "MP"; Value = "LTW-C193TS5"; VariantName = "[No Variations]"
Add component (AddParameter): Name = "Package"; Value = "0603 Lite-On"; VariantName = "[No Variations]"
Add component (AddParameter): Name = "Price"; Value = "None"; VariantName = "[No Variations]"
Add component (AddParameter): Name = "SnapEDA_Link"; Value = "https://www.snapeda.com/parts/LTW-C193TS5/Lite-On%20Inc./view-part/230071/?ref=snap"; VariantName = "[No Variations]"
Add component (AddParameter): Name = "Value"; Value = ""; VariantName = "[No Variations]"
Added Component: Designator=U4(Mitochondrik_LV)
Added Pin To Net: NetName=VDC Pin=C1-1
Added Pin To Net: NetName=GND Pin=C1-2
Added Pin To Net: NetName=VDC Pin=C2-1
Added Pin To Net: NetName=GND Pin=C2-2
Added Pin To Net: NetName=VDC Pin=C3-1
Added Pin To Net: NetName=GND Pin=C3-2
Added Pin To Net: NetName=VDC Pin=C4-1
Added Pin To Net: NetName=GND Pin=C4-2
Added Pin To Net: NetName=VDC Pin=C5-1
Added Pin To Net: NetName=GND Pin=C5-2
Added Pin To Net: NetName=VDC Pin=C6-1
Added Pin To Net: NetName=GND Pin=C6-2
Added Pin To Net: NetName=VDC Pin=C7-1
Added Pin To Net: NetName=GND Pin=C7-2
Added Pin To Net: NetName=VDC Pin=C8-1
Added Pin To Net: NetName=GND Pin=C8-2
Added Pin To Net: NetName=VDC Pin=C9-1
Added Pin To Net: NetName=GND Pin=C9-2
Added Pin To Net: NetName=VDC Pin=C10-1
Added Pin To Net: NetName=GND Pin=C10-2
Added Pin To Net: NetName=VDC Pin=C11-1
Added Pin To Net: NetName=GND Pin=C11-2
Added Pin To Net: NetName=VDC Pin=C12-1
Added Pin To Net: NetName=GND Pin=C12-2
Added Pin To Net: NetName=NetD1_1 Pin=U4-1
Added Pin To Net: NetName=NetD1_2 Pin=U4-2
Added Pin To Net: NetName=NetD7_1 Pin=U4-3
Added Pin To Net: NetName=NetD7_2 Pin=U4-4
Added Pin To Net: NetName=NetD2_1 Pin=U4-5
Added Pin To Net: NetName=NetD2_2 Pin=U4-6
Added Pin To Net: NetName=NetD8_1 Pin=U4-7
Added Pin To Net: NetName=NetD8_2 Pin=U4-8
Added Pin To Net: NetName=NetD3_1 Pin=U4-9
Added Pin To Net: NetName=NetD3_2 Pin=U4-10
Added Pin To Net: NetName=NetD9_1 Pin=U4-11
Added Pin To Net: NetName=NetD9_2 Pin=U4-12
Added Pin To Net: NetName=NetD7_2 Pin=U4-13
Added Pin To Net: NetName=GND Pin=U4-14
Added Pin To Net: NetName=NetD9_2 Pin=U4-15
Added Pin To Net: NetName=GND Pin=U4-16
Added Pin To Net: NetName=NetC19_2 Pin=U4-17
Added Pin To Net: NetName=NetU4_18 Pin=U4-18
Added Pin To Net: NetName=NetR23_1 Pin=U4-19
Added Pin To Net: NetName=NetR22_1 Pin=U4-20
Added Pin To Net: NetName=NetU2_4 Pin=U4-21
Added Pin To Net: NetName=NetR29_1 Pin=U4-24
Added Pin To Net: NetName=NetJ1_1 Pin=U4-25
Added Pin To Net: NetName=NetR34_1 Pin=U4-26
Added Pin To Net: NetName=NetD16_1 Pin=U4-27
Added Pin To Net: NetName=NetD16_2 Pin=U4-28
Added Pin To Net: NetName=NetD16_3 Pin=U4-29
Added Pin To Net: NetName=NetR31_1 Pin=U4-30
Added Pin To Net: NetName=NetR32_1 Pin=U4-31
Added Pin To Net: NetName=NetR33_1 Pin=U4-32
Added Pin To Net: NetName=NetR30_1 Pin=U4-33
Added Pin To Net: NetName=NetU4_36 Pin=U4-36
Added Pin To Net: NetName=NetU4_37 Pin=U4-37
Added Pin To Net: NetName=NetU1_4 Pin=U4-38
Added Pin To Net: NetName=NetU1_1 Pin=U4-39
Added Pin To Net: NetName=NetU4_40 Pin=U4-40
Added Pin To Net: NetName=NetU4_41 Pin=U4-41
Added Pin To Net: NetName=NetU4_42 Pin=U4-42
Change Net Name : Old Net Name=Net*1_2 New Net Name=NetR35_1
Added Pin To Net: NetName=NetU4_22 Pin=U4-22
Added Net: Name=NetU4_22
Added Pin To Net: NetName=NetU4_23 Pin=U4-23
Added Net: Name=NetU4_23
Added Member To Class: ClassName=thesis Member=Component C1 CAP_ALUM_liggende
Added Member To Class: ClassName=thesis Member=Component C2 CAP_ALUM_liggende
Added Member To Class: ClassName=thesis Member=Component C3 Cap_1210
Added Member To Class: ClassName=thesis Member=Component C4 Cap_1210
Added Member To Class: ClassName=thesis Member=Component C5 Cap_1210
Added Member To Class: ClassName=thesis Member=Component C6 Cap_1210
Added Member To Class: ClassName=thesis Member=Component C7 Cap_1210
Added Member To Class: ClassName=thesis Member=Component C8 Cap_1210
Added Member To Class: ClassName=thesis Member=Component C9 Cap_1210
Added Member To Class: ClassName=thesis Member=Component C10 Cap_1210
Added Member To Class: ClassName=thesis Member=Component C11 Cap_1210
Added Member To Class: ClassName=thesis Member=Component C12 Cap_1210
Added Member To Class: ClassName=thesis Member=Component D14 LED 0603(LTW-C193TS5)
Added Member To Class: ClassName=thesis Member=Component D15 LED 0603(LTW-C193TS5)
Added Member To Class: ClassName=thesis Member=Component D17 LED 0603(LTW-C193TS5)
Added Member To Class: ClassName=thesis Member=Component Tele_1 JST-GH-4
Added Member To Class: ClassName=thesis Member=Component Tele_1 JST-GH-4
Added Member To Class: ClassName=thesis Member=Component U4 Mitochondrik_LV
Added Room: Name=thesis
