Change Component DesignItemId : Designator=D14 Old DesignItemId=LED 0603(LTW-C193TS5) New DesignItemId=LED0603(LTW-C193TS5)
Change Component DesignItemId : Designator=D15 Old DesignItemId=LED 0603(LTW-C193TS5) New DesignItemId=LED0603(LTW-C193TS5)
Change Component DesignItemId : Designator=D17 Old DesignItemId=LED 0603(LTW-C193TS5) New DesignItemId=LED0603(LTW-C193TS5)
Change Component Comment : Designator=U2 Old Comment= New Comment=MAX4995A
Change Component Comment : Designator=D14 Old Comment=LED 0603(LTW-C193TS5) New Comment=LED0603(LTW-C193TS5)
Change Component Comment : Designator=D15 Old Comment=LED 0603(LTW-C193TS5) New Comment=LED0603(LTW-C193TS5)
Change Component Comment : Designator=D17 Old Comment=LED 0603(LTW-C193TS5) New Comment=LED0603(LTW-C193TS5)
Added Component: Designator=D?(LED_0606)
Added Component: Designator=U1(MCP2544FDT-E_MNY)
Add Pin To Net: Unknown Pin: Pin D1-1
Add Pin To Net: Unknown Pin: Pin D1-2
Add Pin To Net: Unknown Pin: Pin D2-1
Add Pin To Net: Unknown Pin: Pin D2-2
Add Pin To Net: Unknown Pin: Pin D3-1
Add Pin To Net: Unknown Pin: Pin D3-2
Add Pin To Net: Unknown Pin: Pin D7-1
Add Pin To Net: Unknown Pin: Pin D7-2
Add Pin To Net: Unknown Pin: Pin D8-1
Add Pin To Net: Unknown Pin: Pin D8-2
Add Pin To Net: Unknown Pin: Pin D9-1
Add Pin To Net: Unknown Pin: Pin D9-2
Add Pin To Net: Unknown Pin: Pin D10-1
Add Pin To Net: Unknown Pin: Pin D10-2
Add Pin To Net: Unknown Pin: Pin D11-1
Add Pin To Net: Unknown Pin: Pin D11-2
Added Pin To Net: NetName=+5 Pin=D15-A
Added Pin To Net: NetName=GND Pin=D17-C
Add Pin To Net: Unknown Pin: Pin D18-1
Add Pin To Net: Unknown Pin: Pin D18-2
Add Pin To Net: Unknown Pin: Pin D19-1
Add Pin To Net: Unknown Pin: Pin D19-2
Add Pin To Net: Unknown Pin: Pin D19-3
Add Pin To Net: Unknown Pin: Pin D19-4
Added Pin To Net: NetName=+5 Pin=D?-4
Added Pin To Net: NetName=NetU1_1 Pin=U1-1
Added Pin To Net: NetName=GND Pin=U1-2
Added Pin To Net: NetName=+5 Pin=U1-3
Added Pin To Net: NetName=NetU1_4 Pin=U1-4
Added Pin To Net: NetName=NetTele_1_3 Pin=U1-6
Added Pin To Net: NetName=NetTele_1_2 Pin=U1-7
Added Pin To Net: NetName=GND Pin=U1-8
Add Pin To Net: Unknown Pin: Pin U3-1
Add Pin To Net: Unknown Pin: Pin U3-2
Add Pin To Net: Unknown Pin: Pin U3-3
Added Pin To Net: NetName=NetD15_C Pin=D15-C
Added Pin To Net: NetName=NetD15_C Pin=U4-22
Added Net: Name=NetD15_C
Added Pin To Net: NetName=NetD17_A Pin=D17-A
Added Pin To Net: NetName=NetD17_A Pin=U4-23
Added Net: Name=NetD17_A
Added Pin To Net: NetName=NetD?_1 Pin=D?-1
Added Pin To Net: NetName=NetD?_1 Pin=U4-27
Added Net: Name=NetD?_1
Added Pin To Net: NetName=NetD?_2 Pin=D?-2
Added Pin To Net: NetName=NetD?_2 Pin=U4-28
Added Net: Name=NetD?_2
Added Pin To Net: NetName=NetD?_3 Pin=D?-3
Added Pin To Net: NetName=NetD?_3 Pin=U4-29
Added Net: Name=NetD?_3
Add Class Member: Failed to add class member : Component * LOGO
Add Class Member: Failed to add class member : Component D1 D_Zener
Add Class Member: Failed to add class member : Component D2 D_Zener
Add Class Member: Failed to add class member : Component D3 D_Zener
Add Class Member: Failed to add class member : Component D7 D_Zener
Add Class Member: Failed to add class member : Component D8 D_Zener
Add Class Member: Failed to add class member : Component D9 D_Zener
Add Class Member: Failed to add class member : Component D10 D_Zener
Add Class Member: Failed to add class member : Component D11 D_Zener
Add Class Member: Failed to add class member : Component D18 PMEG2010AEH
Add Class Member: Failed to add class member : Component D19 DRTR5V0U2SR-7
Added Member To Class: ClassName=thesis Member=Component D? LED_RGBA
Added Member To Class: ClassName=thesis Member=Component U1 MCP2544FDT-E_MNY
Add Class Member: Failed to add class member : Component U3 11LC040T-E_TT
Added Room: Name=thesis
