Added Component: Designator=D1(Zener_16V)
Added Component: Designator=D2(Zener_16V)
Added Component: Designator=D3(Zener_16V)
Added Component: Designator=D7(Zener_16V)
Added Component: Designator=D8(Zener_16V)
Added Component: Designator=D9(Zener_16V)
Added Component: Designator=D10(Zener_5V)
Added Component: Designator=D11(Zener_5V)
Added Component: Designator=D18(PMEG2010AEH)
Added Pin To Net: NetName=NetD1_1 Pin=D1-1
Added Pin To Net: NetName=NetA_1 Pin=D1-2
Added Pin To Net: NetName=NetD2_1 Pin=D2-1
Added Pin To Net: NetName=NetB_1 Pin=D2-2
Added Pin To Net: NetName=NetD3_1 Pin=D3-1
Added Pin To Net: NetName=NetC_1 Pin=D3-2
Added Pin To Net: NetName=NetD7_1 Pin=D7-1
Added Pin To Net: NetName=NetD7_2 Pin=D7-2
Added Pin To Net: NetName=NetD8_1 Pin=D8-1
Added Pin To Net: NetName=NetD8_2 Pin=D8-2
Added Pin To Net: NetName=NetD9_1 Pin=D9-1
Added Pin To Net: NetName=NetD9_2 Pin=D9-2
Added Pin To Net: NetName=NetD10_1 Pin=D10-1
Added Pin To Net: NetName=GND Pin=D10-2
Added Pin To Net: NetName=NetD11_1 Pin=D11-1
Added Pin To Net: NetName=GND Pin=D11-2
Added Pin To Net: NetName=+5 Pin=D18-1
Added Pin To Net: NetName=NetD18_2 Pin=D18-2
Add Pin To Net: Unknown Pin: Pin D19-1
Add Pin To Net: Unknown Pin: Pin D19-2
Add Pin To Net: Unknown Pin: Pin D19-3
Add Pin To Net: Unknown Pin: Pin D19-4
Add Class Member: Failed to add class member : Component * LOGO
Added Member To Class: ClassName=thesis Member=Component D1 BZD27C16PWHCT-ND
Added Member To Class: ClassName=thesis Member=Component D2 BZD27C16PWHCT-ND
Added Member To Class: ClassName=thesis Member=Component D3 BZD27C16PWHCT-ND
Added Member To Class: ClassName=thesis Member=Component D7 BZD27C16PWHCT-ND
Added Member To Class: ClassName=thesis Member=Component D8 BZD27C16PWHCT-ND
Added Member To Class: ClassName=thesis Member=Component D9 BZD27C16PWHCT-ND
Added Member To Class: ClassName=thesis Member=Component D10 SMF5.0A-TPMSCT-ND
Added Member To Class: ClassName=thesis Member=Component D11 SMF5.0A-TPMSCT-ND
Added Member To Class: ClassName=thesis Member=Component D18 PMEG2010AEH
Add Class Member: Failed to add class member : Component D19 DRTR5V0U2SR-7
Added Room: Name=thesis
