Added Component: Designator=*1(TMP235AEDBZRQ1)
Added Component: Designator=C13(CAP_0603)
Added Component: Designator=C14(CAP_0603)
Added Component: Designator=C15(CAP_0603)
Added Component: Designator=C16(CAP_0603)
Added Component: Designator=C17(CAP_0603)
Added Component: Designator=C18(Cap_1210)
Added Component: Designator=C19(CAP_0603)
Added Component: Designator=C20(CAP_0603)
Added Component: Designator=D13(BAV99S)
Add component (AddParameter): Name = "RoHS Compliant"; Value = "Yes"; VariantName = "[No Variations]"
Added Component: Designator=F1(Polyfuse)
Add component (AddParameter): Name = "Ambient Temperature Range High"; Value = "+85°C"; VariantName = "[No Variations]"
Add component (AddParameter): Name = "Ambient Temperature Range Low"; Value = "-40°C"; VariantName = "[No Variations]"
Add component (AddParameter): Name = "Automotive"; Value = "Yes"; VariantName = "[No Variations]"
Add component (AddParameter): Name = "Automotive Grade"; Value = "Grade 3"; VariantName = "[No Variations]"
Add component (AddParameter): Name = "Category"; Value = "Fuse"; VariantName = "[No Variations]"
Add component (AddParameter): Name = "ComponentLink2Description"; Value = "Datasheet"; VariantName = "[No Variations]"
Add component (AddParameter): Name = "ComponentLink2URL"; Value = "https://www.bourns.com/pdfs/mfmsmf.pdf"; VariantName = "[No Variations]"
Add component (AddParameter): Name = "Current Rating"; Value = "40A"; VariantName = "[No Variations]"
Add component (AddParameter): Name = "Device Class L1"; Value = "Circuit Protection"; VariantName = "[No Variations]"
Add component (AddParameter): Name = "Device Class L2"; Value = "PTC Resettable Fuses"; VariantName = "[No Variations]"
Add component (AddParameter): Name = "Device Class L3"; Value = "unset"; VariantName = "[No Variations]"
Add component (AddParameter): Name = "Digikey Description"; Value = "PTC RESET FUSE 60V 140MA 1812"; VariantName = "[No Variations]"
Add component (AddParameter): Name = "Height"; Value = "1.1mm"; VariantName = "[No Variations]"
Add component (AddParameter): Name = "Hold Current"; Value = "0.14A"; VariantName = "[No Variations]"
Add component (AddParameter): Name = "Lead Free"; Value = "Yes"; VariantName = "[No Variations]"
Add component (AddParameter): Name = "Manufacturer"; Value = "Bourns"; VariantName = "[No Variations]"
Add component (AddParameter): Name = "Manufacturer Part Number"; Value = "MF-MSMF014-2"; VariantName = "[No Variations]"
Add component (AddParameter): Name = "Mouser Description"; Value = "Resettable Fuses - PPTC 0.14A 60V 0.40ohm"; VariantName = "[No Variations]"
Add component (AddParameter): Name = "Octopart"; Value = "https://octopart.com/mf-msmf014-2-bourns-70906"; VariantName = "[No Variations]"
Add component (AddParameter): Name = "Package"; Value = "MF-MSMF-1"; VariantName = "[No Variations]"
Add component (AddParameter): Name = "Resistance"; Value = "0.4-6.5O"; VariantName = "[No Variations]"
Add component (AddParameter): Name = "RoHS"; Value = "TRUE"; VariantName = "[No Variations]"
Add component (AddParameter): Name = "Temperature"; Value = "-40°C to +85°C"; VariantName = "[No Variations]"
Add component (AddParameter): Name = "Temperature Range High"; Value = "+85°C"; VariantName = "[No Variations]"
Add component (AddParameter): Name = "Temperature Range Low"; Value = "-40°C"; VariantName = "[No Variations]"
Add component (AddParameter): Name = "Trip Current"; Value = "0.34A"; VariantName = "[No Variations]"
Add component (AddParameter): Name = "Trip Time"; Value = "0.15s"; VariantName = "[No Variations]"
Add component (AddParameter): Name = "Value"; Value = "0.4-6.5O"; VariantName = "[No Variations]"
Add component (AddParameter): Name = "Voltage Rating"; Value = "60V"; VariantName = "[No Variations]"
Added Component: Designator=J1(JST-GH-2)
Add component (AddParameter): Name = "Color"; Value = "Natural"; VariantName = "[No Variations]"
Add component (AddParameter): Name = "Connector Type"; Value = "Outer Shroud Contact"; VariantName = "[No Variations]"
Add component (AddParameter): Name = "Contact Plating"; Value = "Tin"; VariantName = "[No Variations]"
Add component (AddParameter): Name = "Fastening Type"; Value = "Ramp"; VariantName = "[No Variations]"
Add component (AddParameter): Name = "Lead Free"; Value = "Lead Free"; VariantName = "[No Variations]"
Add component (AddParameter): Name = "Mount"; Value = "Surface Mount"; VariantName = "[No Variations]"
Add component (AddParameter): Name = "Number of Positions"; Value = "2"; VariantName = "[No Variations]"
Add component (AddParameter): Name = "Number of Rows"; Value = "1"; VariantName = "[No Variations]"
Add component (AddParameter): Name = "Packaging"; Value = "Tape and Reel"; VariantName = "[No Variations]"
Add component (AddParameter): Name = "Pitch"; Value = "0.049inch"; VariantName = "[No Variations]"
Add component (AddParameter): Name = "Termination"; Value = "Solder"; VariantName = "[No Variations]"
Added Component: Designator=J2(USB_micro)
Add component (AddParameter): Name = "Brand"; Value = "Molex"; VariantName = "[No Variations]"
Add component (AddParameter): Name = "Color"; Value = "Black"; VariantName = "[No Variations]"
Add component (AddParameter): Name = "Connector Type"; Value = "MicroUSBTypeABreceptacle"; VariantName = "[No Variations]"
Add component (AddParameter): Name = "Contact Material"; Value = "CopperAlloy"; VariantName = "[No Variations]"
Add component (AddParameter): Name = "Contact Plating"; Value = "Gold"; VariantName = "[No Variations]"
Add component (AddParameter): Name = "Current Rating"; Value = "1.8A"; VariantName = "[No Variations]"
Add component (AddParameter): Name = "Datasheet URL"; Value = "http://www.molex.com/webdocs/datasheets/pdf/en-us/0475890001_IO_CONNECTORS.pdf"; VariantName = "[No Variations]"
Add component (AddParameter): Name = "Datasheet Version"; Value = "12/2016"; VariantName = "[No Variations]"
Add component (AddParameter): Name = "Gender"; Value = "Female"; VariantName = "[No Variations]"
Add component (AddParameter): Name = "Manufacturer"; Value = "Molex"; VariantName = "[No Variations]"
Add component (AddParameter): Name = "Manufacturer URL"; Value = "http://www.molex.com/"; VariantName = "[No Variations]"
Add component (AddParameter): Name = "Mounting Angle"; Value = "Right"; VariantName = "[No Variations]"
Add component (AddParameter): Name = "Mounting Technology"; Value = "SurfaceMount"; VariantName = "[No Variations]"
Add component (AddParameter): Name = "Number of Contacts"; Value = "5Contact"; VariantName = "[No Variations]"
Add component (AddParameter): Name = "Number of Ports"; Value = "1Port"; VariantName = "[No Variations]"
Add component (AddParameter): Name = "Operating Temperature Range"; Value = "-20Cto+85C"; VariantName = "[No Variations]"
Add component (AddParameter): Name = "Package Description"; Value = "Micro USB Connector, Pitch 0.65 mm, 5 Positions, Body 7.5 x 5.6 mm"; VariantName = "[No Variations]"
Add component (AddParameter): Name = "Package Reference"; Value = "47589-0001"; VariantName = "[No Variations]"
Add component (AddParameter): Name = "Package URL"; Value = "http://www.molex.com/pdm_docs/sd/475890001_sd.pdf"; VariantName = "[No Variations]"
Add component (AddParameter): Name = "Packaging"; Value = "Reel"; VariantName = "[No Variations]"
Add component (AddParameter): Name = "Product"; Value = "MicroUSBTypeABConnectors"; VariantName = "[No Variations]"
Add component (AddParameter): Name = "Product Category"; Value = "USBConnectors"; VariantName = "[No Variations]"
Add component (AddParameter): Name = "RoHS"; Value = "True"; VariantName = "[No Variations]"
Add component (AddParameter): Name = "Series"; Value = "47589"; VariantName = "[No Variations]"
Add component (AddParameter): Name = "Standard"; Value = "USB"; VariantName = "[No Variations]"
Add component (AddParameter): Name = "Termination Style"; Value = "SMD/SMT"; VariantName = "[No Variations]"
Add component (AddParameter): Name = "Voltage Rating"; Value = "30VAC"; VariantName = "[No Variations]"
Added Component: Designator=J3(JST-GH-2)
Add component (AddParameter): Name = "Color"; Value = "Natural"; VariantName = "[No Variations]"
Add component (AddParameter): Name = "Connector Type"; Value = "Outer Shroud Contact"; VariantName = "[No Variations]"
Add component (AddParameter): Name = "Contact Plating"; Value = "Tin"; VariantName = "[No Variations]"
Add component (AddParameter): Name = "Fastening Type"; Value = "Ramp"; VariantName = "[No Variations]"
Add component (AddParameter): Name = "Lead Free"; Value = "Lead Free"; VariantName = "[No Variations]"
Add component (AddParameter): Name = "Mount"; Value = "Surface Mount"; VariantName = "[No Variations]"
Add component (AddParameter): Name = "Number of Positions"; Value = "2"; VariantName = "[No Variations]"
Add component (AddParameter): Name = "Number of Rows"; Value = "1"; VariantName = "[No Variations]"
Add component (AddParameter): Name = "Packaging"; Value = "Tape and Reel"; VariantName = "[No Variations]"
Add component (AddParameter): Name = "Pitch"; Value = "0.049inch"; VariantName = "[No Variations]"
Add component (AddParameter): Name = "Termination"; Value = "Solder"; VariantName = "[No Variations]"
Added Component: Designator=J_2(Conn_01x01)
Added Component: Designator=J_3(Conn_01x01)
Added Component: Designator=J_4(Conn_01x01)
Added Component: Designator=Q1(BSC021N08NS5ATMA1)
Add component (AddParameter): Name = "Availability"; Value = "Warning"; VariantName = "[No Variations]"
Add component (AddParameter): Name = "Check_prices"; Value = "https://www.snapeda.com/parts/BSC021N08NS5ATMA1/Infineon%20Technologies/view-part/3623694/?ref=eda"; VariantName = "[No Variations]"
Add component (AddParameter): Name = "MF"; Value = "Infineon Technologies"; VariantName = "[No Variations]"
Add component (AddParameter): Name = "MP"; Value = "BSC021N08NS5ATMA1"; VariantName = "[No Variations]"
Add component (AddParameter): Name = "Package"; Value = "TSON-8 Infineon Technologies"; VariantName = "[No Variations]"
Add component (AddParameter): Name = "Price"; Value = "None"; VariantName = "[No Variations]"
Add component (AddParameter): Name = "SnapEDA_Link"; Value = "https://www.snapeda.com/parts/BSC021N08NS5ATMA1/Infineon%20Technologies/view-part/3623694/?ref=snap"; VariantName = "[No Variations]"
Add component (AddParameter): Name = "Value"; Value = ""; VariantName = "[No Variations]"
Added Component: Designator=Q2(BSC021N08NS5ATMA1)
Add component (AddParameter): Name = "Availability"; Value = "Warning"; VariantName = "[No Variations]"
Add component (AddParameter): Name = "Check_prices"; Value = "https://www.snapeda.com/parts/BSC021N08NS5ATMA1/Infineon%20Technologies/view-part/3623694/?ref=eda"; VariantName = "[No Variations]"
Add component (AddParameter): Name = "MF"; Value = "Infineon Technologies"; VariantName = "[No Variations]"
Add component (AddParameter): Name = "MP"; Value = "BSC021N08NS5ATMA1"; VariantName = "[No Variations]"
Add component (AddParameter): Name = "Package"; Value = "TSON-8 Infineon Technologies"; VariantName = "[No Variations]"
Add component (AddParameter): Name = "Price"; Value = "None"; VariantName = "[No Variations]"
Add component (AddParameter): Name = "SnapEDA_Link"; Value = "https://www.snapeda.com/parts/BSC021N08NS5ATMA1/Infineon%20Technologies/view-part/3623694/?ref=snap"; VariantName = "[No Variations]"
Add component (AddParameter): Name = "Value"; Value = ""; VariantName = "[No Variations]"
Added Component: Designator=Q3(BSC021N08NS5ATMA1)
Add component (AddParameter): Name = "Availability"; Value = "Warning"; VariantName = "[No Variations]"
Add component (AddParameter): Name = "Check_prices"; Value = "https://www.snapeda.com/parts/BSC021N08NS5ATMA1/Infineon%20Technologies/view-part/3623694/?ref=eda"; VariantName = "[No Variations]"
Add component (AddParameter): Name = "MF"; Value = "Infineon Technologies"; VariantName = "[No Variations]"
Add component (AddParameter): Name = "MP"; Value = "BSC021N08NS5ATMA1"; VariantName = "[No Variations]"
Add component (AddParameter): Name = "Package"; Value = "TSON-8 Infineon Technologies"; VariantName = "[No Variations]"
Add component (AddParameter): Name = "Price"; Value = "None"; VariantName = "[No Variations]"
Add component (AddParameter): Name = "SnapEDA_Link"; Value = "https://www.snapeda.com/parts/BSC021N08NS5ATMA1/Infineon%20Technologies/view-part/3623694/?ref=snap"; VariantName = "[No Variations]"
Add component (AddParameter): Name = "Value"; Value = ""; VariantName = "[No Variations]"
Added Component: Designator=Q4(BSC021N08NS5ATMA1)
Add component (AddParameter): Name = "Availability"; Value = "Warning"; VariantName = "[No Variations]"
Add component (AddParameter): Name = "Check_prices"; Value = "https://www.snapeda.com/parts/BSC021N08NS5ATMA1/Infineon%20Technologies/view-part/3623694/?ref=eda"; VariantName = "[No Variations]"
Add component (AddParameter): Name = "MF"; Value = "Infineon Technologies"; VariantName = "[No Variations]"
Add component (AddParameter): Name = "MP"; Value = "BSC021N08NS5ATMA1"; VariantName = "[No Variations]"
Add component (AddParameter): Name = "Package"; Value = "TSON-8 Infineon Technologies"; VariantName = "[No Variations]"
Add component (AddParameter): Name = "Price"; Value = "None"; VariantName = "[No Variations]"
Add component (AddParameter): Name = "SnapEDA_Link"; Value = "https://www.snapeda.com/parts/BSC021N08NS5ATMA1/Infineon%20Technologies/view-part/3623694/?ref=snap"; VariantName = "[No Variations]"
Add component (AddParameter): Name = "Value"; Value = ""; VariantName = "[No Variations]"
Added Component: Designator=Q5(BSC021N08NS5ATMA1)
Add component (AddParameter): Name = "Availability"; Value = "Warning"; VariantName = "[No Variations]"
Add component (AddParameter): Name = "Check_prices"; Value = "https://www.snapeda.com/parts/BSC021N08NS5ATMA1/Infineon%20Technologies/view-part/3623694/?ref=eda"; VariantName = "[No Variations]"
Add component (AddParameter): Name = "MF"; Value = "Infineon Technologies"; VariantName = "[No Variations]"
Add component (AddParameter): Name = "MP"; Value = "BSC021N08NS5ATMA1"; VariantName = "[No Variations]"
Add component (AddParameter): Name = "Package"; Value = "TSON-8 Infineon Technologies"; VariantName = "[No Variations]"
Add component (AddParameter): Name = "Price"; Value = "None"; VariantName = "[No Variations]"
Add component (AddParameter): Name = "SnapEDA_Link"; Value = "https://www.snapeda.com/parts/BSC021N08NS5ATMA1/Infineon%20Technologies/view-part/3623694/?ref=snap"; VariantName = "[No Variations]"
Add component (AddParameter): Name = "Value"; Value = ""; VariantName = "[No Variations]"
Added Component: Designator=Q6(BSC021N08NS5ATMA1)
Add component (AddParameter): Name = "Availability"; Value = "Warning"; VariantName = "[No Variations]"
Add component (AddParameter): Name = "Check_prices"; Value = "https://www.snapeda.com/parts/BSC021N08NS5ATMA1/Infineon%20Technologies/view-part/3623694/?ref=eda"; VariantName = "[No Variations]"
Add component (AddParameter): Name = "MF"; Value = "Infineon Technologies"; VariantName = "[No Variations]"
Add component (AddParameter): Name = "MP"; Value = "BSC021N08NS5ATMA1"; VariantName = "[No Variations]"
Add component (AddParameter): Name = "Package"; Value = "TSON-8 Infineon Technologies"; VariantName = "[No Variations]"
Add component (AddParameter): Name = "Price"; Value = "None"; VariantName = "[No Variations]"
Add component (AddParameter): Name = "SnapEDA_Link"; Value = "https://www.snapeda.com/parts/BSC021N08NS5ATMA1/Infineon%20Technologies/view-part/3623694/?ref=snap"; VariantName = "[No Variations]"
Add component (AddParameter): Name = "Value"; Value = ""; VariantName = "[No Variations]"
Added Component: Designator=Q7(BSC021N08NS5ATMA1)
Add component (AddParameter): Name = "Availability"; Value = "Warning"; VariantName = "[No Variations]"
Add component (AddParameter): Name = "Check_prices"; Value = "https://www.snapeda.com/parts/BSC021N08NS5ATMA1/Infineon%20Technologies/view-part/3623694/?ref=eda"; VariantName = "[No Variations]"
Add component (AddParameter): Name = "MF"; Value = "Infineon Technologies"; VariantName = "[No Variations]"
Add component (AddParameter): Name = "MP"; Value = "BSC021N08NS5ATMA1"; VariantName = "[No Variations]"
Add component (AddParameter): Name = "Package"; Value = "TSON-8 Infineon Technologies"; VariantName = "[No Variations]"
Add component (AddParameter): Name = "Price"; Value = "None"; VariantName = "[No Variations]"
Add component (AddParameter): Name = "SnapEDA_Link"; Value = "https://www.snapeda.com/parts/BSC021N08NS5ATMA1/Infineon%20Technologies/view-part/3623694/?ref=snap"; VariantName = "[No Variations]"
Add component (AddParameter): Name = "Value"; Value = ""; VariantName = "[No Variations]"
Added Component: Designator=Q8(BSC021N08NS5ATMA1)
Add component (AddParameter): Name = "Availability"; Value = "Warning"; VariantName = "[No Variations]"
Add component (AddParameter): Name = "Check_prices"; Value = "https://www.snapeda.com/parts/BSC021N08NS5ATMA1/Infineon%20Technologies/view-part/3623694/?ref=eda"; VariantName = "[No Variations]"
Add component (AddParameter): Name = "MF"; Value = "Infineon Technologies"; VariantName = "[No Variations]"
Add component (AddParameter): Name = "MP"; Value = "BSC021N08NS5ATMA1"; VariantName = "[No Variations]"
Add component (AddParameter): Name = "Package"; Value = "TSON-8 Infineon Technologies"; VariantName = "[No Variations]"
Add component (AddParameter): Name = "Price"; Value = "None"; VariantName = "[No Variations]"
Add component (AddParameter): Name = "SnapEDA_Link"; Value = "https://www.snapeda.com/parts/BSC021N08NS5ATMA1/Infineon%20Technologies/view-part/3623694/?ref=snap"; VariantName = "[No Variations]"
Add component (AddParameter): Name = "Value"; Value = ""; VariantName = "[No Variations]"
Added Component: Designator=Q9(BSC021N08NS5ATMA1)
Add component (AddParameter): Name = "Availability"; Value = "Warning"; VariantName = "[No Variations]"
Add component (AddParameter): Name = "Check_prices"; Value = "https://www.snapeda.com/parts/BSC021N08NS5ATMA1/Infineon%20Technologies/view-part/3623694/?ref=eda"; VariantName = "[No Variations]"
Add component (AddParameter): Name = "MF"; Value = "Infineon Technologies"; VariantName = "[No Variations]"
Add component (AddParameter): Name = "MP"; Value = "BSC021N08NS5ATMA1"; VariantName = "[No Variations]"
Add component (AddParameter): Name = "Package"; Value = "TSON-8 Infineon Technologies"; VariantName = "[No Variations]"
Add component (AddParameter): Name = "Price"; Value = "None"; VariantName = "[No Variations]"
Add component (AddParameter): Name = "SnapEDA_Link"; Value = "https://www.snapeda.com/parts/BSC021N08NS5ATMA1/Infineon%20Technologies/view-part/3623694/?ref=snap"; VariantName = "[No Variations]"
Add component (AddParameter): Name = "Value"; Value = ""; VariantName = "[No Variations]"
Added Component: Designator=Q10(BSC021N08NS5ATMA1)
Add component (AddParameter): Name = "Availability"; Value = "Warning"; VariantName = "[No Variations]"
Add component (AddParameter): Name = "Check_prices"; Value = "https://www.snapeda.com/parts/BSC021N08NS5ATMA1/Infineon%20Technologies/view-part/3623694/?ref=eda"; VariantName = "[No Variations]"
Add component (AddParameter): Name = "MF"; Value = "Infineon Technologies"; VariantName = "[No Variations]"
Add component (AddParameter): Name = "MP"; Value = "BSC021N08NS5ATMA1"; VariantName = "[No Variations]"
Add component (AddParameter): Name = "Package"; Value = "TSON-8 Infineon Technologies"; VariantName = "[No Variations]"
Add component (AddParameter): Name = "Price"; Value = "None"; VariantName = "[No Variations]"
Add component (AddParameter): Name = "SnapEDA_Link"; Value = "https://www.snapeda.com/parts/BSC021N08NS5ATMA1/Infineon%20Technologies/view-part/3623694/?ref=snap"; VariantName = "[No Variations]"
Add component (AddParameter): Name = "Value"; Value = ""; VariantName = "[No Variations]"
Added Component: Designator=Q11(BSC021N08NS5ATMA1)
Add component (AddParameter): Name = "Availability"; Value = "Warning"; VariantName = "[No Variations]"
Add component (AddParameter): Name = "Check_prices"; Value = "https://www.snapeda.com/parts/BSC021N08NS5ATMA1/Infineon%20Technologies/view-part/3623694/?ref=eda"; VariantName = "[No Variations]"
Add component (AddParameter): Name = "MF"; Value = "Infineon Technologies"; VariantName = "[No Variations]"
Add component (AddParameter): Name = "MP"; Value = "BSC021N08NS5ATMA1"; VariantName = "[No Variations]"
Add component (AddParameter): Name = "Package"; Value = "TSON-8 Infineon Technologies"; VariantName = "[No Variations]"
Add component (AddParameter): Name = "Price"; Value = "None"; VariantName = "[No Variations]"
Add component (AddParameter): Name = "SnapEDA_Link"; Value = "https://www.snapeda.com/parts/BSC021N08NS5ATMA1/Infineon%20Technologies/view-part/3623694/?ref=snap"; VariantName = "[No Variations]"
Add component (AddParameter): Name = "Value"; Value = ""; VariantName = "[No Variations]"
Added Component: Designator=Q12(BSC021N08NS5ATMA1)
Add component (AddParameter): Name = "Availability"; Value = "Warning"; VariantName = "[No Variations]"
Add component (AddParameter): Name = "Check_prices"; Value = "https://www.snapeda.com/parts/BSC021N08NS5ATMA1/Infineon%20Technologies/view-part/3623694/?ref=eda"; VariantName = "[No Variations]"
Add component (AddParameter): Name = "MF"; Value = "Infineon Technologies"; VariantName = "[No Variations]"
Add component (AddParameter): Name = "MP"; Value = "BSC021N08NS5ATMA1"; VariantName = "[No Variations]"
Add component (AddParameter): Name = "Package"; Value = "TSON-8 Infineon Technologies"; VariantName = "[No Variations]"
Add component (AddParameter): Name = "Price"; Value = "None"; VariantName = "[No Variations]"
Add component (AddParameter): Name = "SnapEDA_Link"; Value = "https://www.snapeda.com/parts/BSC021N08NS5ATMA1/Infineon%20Technologies/view-part/3623694/?ref=snap"; VariantName = "[No Variations]"
Add component (AddParameter): Name = "Value"; Value = ""; VariantName = "[No Variations]"
Added Component: Designator=Q13(BSS138)
Added Component: Designator=R1(Res_0603)
Added Component: Designator=R2(Res_0603)
Added Component: Designator=R3(Res_0603)
Added Component: Designator=R4(Res_0603)
Added Component: Designator=R5(Res_0603)
Added Component: Designator=R6(Res_0603)
Added Component: Designator=R7(Res_0603)
Added Component: Designator=R8(Res_0603)
Added Component: Designator=R9(Res_0603)
Added Component: Designator=R10(Res_0603)
Added Component: Designator=R11(Res_0603)
Added Component: Designator=R12(Res_0603)
Added Component: Designator=R13(Res_0603)
Added Component: Designator=R14(Res_0603)
Added Component: Designator=R15(Res_0603)
Added Component: Designator=R16(Res_0603)
Added Component: Designator=R17(Res_0603)
Added Component: Designator=R18(Res_0603)
Added Component: Designator=R19(Shunt_res)
Added Component: Designator=R20(Shunt_res)
Added Component: Designator=R21(Shunt_res)
Added Component: Designator=R22(Res_0603)
Added Component: Designator=R23(Res_0603)
Added Component: Designator=R24(Res_0603)
Added Component: Designator=R25(Res_0603)
Add component (AddParameter): Name = "ComponentLink1Description"; Value = "Manufacturer URL"; VariantName = "[No Variations]"
Add component (AddParameter): Name = "ComponentLink1URL"; Value = "http://www.vishay.com/"; VariantName = "[No Variations]"
Add component (AddParameter): Name = "ComponentLink2Description"; Value = "Datasheet"; VariantName = "[No Variations]"
Add component (AddParameter): Name = "ComponentLink2URL"; Value = "http://www.vishay.com/docs/20035/dcrcwe3.pdf"; VariantName = "[No Variations]"
Add component (AddParameter): Name = "DatasheetVersion"; Value = "06/2012"; VariantName = "[No Variations]"
Add component (AddParameter): Name = "Height"; Value = "0.45 mm"; VariantName = "[No Variations]"
Add component (AddParameter): Name = "Length"; Value = "1.55 mm"; VariantName = "[No Variations]"
Add component (AddParameter): Name = "Manufacturer"; Value = "Vishay Semiconductor"; VariantName = "[No Variations]"
Add component (AddParameter): Name = "Max Operating Temperature"; Value = "155 degC"; VariantName = "[No Variations]"
Add component (AddParameter): Name = "Min Operating Temperature"; Value = "-55 degC"; VariantName = "[No Variations]"
Add component (AddParameter): Name = "Mount"; Value = "Surface Mount"; VariantName = "[No Variations]"
Add component (AddParameter): Name = "Mounting Technology"; Value = "Surface Mount"; VariantName = "[No Variations]"
Add component (AddParameter): Name = "Package Quantity"; Value = "5000"; VariantName = "[No Variations]"
Add component (AddParameter): Name = "PackageDescription"; Value = "2-Pin Surface Mount Device, Body 1.575 x 0.85 mm"; VariantName = "[No Variations]"
Add component (AddParameter): Name = "PackageReference"; Value = "0603"; VariantName = "[No Variations]"
Add component (AddParameter): Name = "Packaging"; Value = "Tape and Reel"; VariantName = "[No Variations]"
Add component (AddParameter): Name = "Pins"; Value = "2"; VariantName = "[No Variations]"
Add component (AddParameter): Name = "REACH SVHC"; Value = "Unknown"; VariantName = "[No Variations]"
Add component (AddParameter): Name = "RoHSCompliant"; Value = "true"; VariantName = "[No Variations]"
Add component (AddParameter): Name = "Voltage Rating"; Value = "75 V"; VariantName = "[No Variations]"
Added Component: Designator=R26(Res_0603)
Added Component: Designator=R27(Res_0603)
Added Component: Designator=R28(Res_0603)
Added Component: Designator=R29(Res_0603)
Added Component: Designator=R30(Res_0603)
Added Component: Designator=R31(Res_0603)
Added Component: Designator=R32(Res_0603)
Added Component: Designator=R33(Res_0603)
Added Component: Designator=R34(Res_0603)
Added Component: Designator=R35(Res_0603)
Added Component: Designator=T1(Testpoint)
Added Component: Designator=Tele_1(JST-GH-4)
Add component (AddParameter): Name = "Digi-Key_Part_Number"; Value = "455-1580-1-ND"; VariantName = "[No Variations]"
Add component (AddParameter): Name = "Digi-Key_Purchase_URL"; Value = "https://www.digikey.com/product-detail/en/jst-sales-america-inc/BM04B-GHS-TBT_LF__SN__N_/455-1580-1-ND/807848?utm_source=snapeda&utm_medium=aggregator&utm_campaign=symbol"; VariantName = "[No Variations]"
Add component (AddParameter): Name = "MF"; Value = "JST Sales"; VariantName = "[No Variations]"
Add component (AddParameter): Name = "MP"; Value = "BM04B-GHS-TBT_LF__SN__N_"; VariantName = "[No Variations]"
Add component (AddParameter): Name = "Package"; Value = "None"; VariantName = "[No Variations]"
Add component (AddParameter): Name = "SnapEDA_Link"; Value = "https://www.snapeda.com/parts/BM04B-GHS-TBT%28LF%29%28SN%29%28N%29/JST%20Sales%20America%20Inc./view-part/841999/?ref=snap"; VariantName = "[No Variations]"
Add component (AddParameter): Name = "Value"; Value = ""; VariantName = "[No Variations]"
Added Component: Designator=Tele_1(JST-GH-4)
Add component (AddParameter): Name = "Digi-Key_Part_Number"; Value = "455-1580-1-ND"; VariantName = "[No Variations]"
Add component (AddParameter): Name = "Digi-Key_Purchase_URL"; Value = "https://www.digikey.com/product-detail/en/jst-sales-america-inc/BM04B-GHS-TBT_LF__SN__N_/455-1580-1-ND/807848?utm_source=snapeda&utm_medium=aggregator&utm_campaign=symbol"; VariantName = "[No Variations]"
Add component (AddParameter): Name = "MF"; Value = "JST Sales"; VariantName = "[No Variations]"
Add component (AddParameter): Name = "MP"; Value = "BM04B-GHS-TBT_LF__SN__N_"; VariantName = "[No Variations]"
Add component (AddParameter): Name = "Package"; Value = "None"; VariantName = "[No Variations]"
Add component (AddParameter): Name = "SnapEDA_Link"; Value = "https://www.snapeda.com/parts/BM04B-GHS-TBT%28LF%29%28SN%29%28N%29/JST%20Sales%20America%20Inc./view-part/841999/?ref=snap"; VariantName = "[No Variations]"
Add component (AddParameter): Name = "Value"; Value = ""; VariantName = "[No Variations]"
Added Component: Designator=Tele_1(JST-GH-4)
Add component (AddParameter): Name = "Digi-Key_Part_Number"; Value = "455-1580-1-ND"; VariantName = "[No Variations]"
Add component (AddParameter): Name = "Digi-Key_Purchase_URL"; Value = "https://www.digikey.com/product-detail/en/jst-sales-america-inc/BM04B-GHS-TBT_LF__SN__N_/455-1580-1-ND/807848?utm_source=snapeda&utm_medium=aggregator&utm_campaign=symbol"; VariantName = "[No Variations]"
Add component (AddParameter): Name = "MF"; Value = "JST Sales"; VariantName = "[No Variations]"
Add component (AddParameter): Name = "MP"; Value = "BM04B-GHS-TBT_LF__SN__N_"; VariantName = "[No Variations]"
Add component (AddParameter): Name = "Package"; Value = "None"; VariantName = "[No Variations]"
Add component (AddParameter): Name = "SnapEDA_Link"; Value = "https://www.snapeda.com/parts/BM04B-GHS-TBT%28LF%29%28SN%29%28N%29/JST%20Sales%20America%20Inc./view-part/841999/?ref=snap"; VariantName = "[No Variations]"
Add component (AddParameter): Name = "Value"; Value = ""; VariantName = "[No Variations]"
Added Component: Designator=Tele_2(JST-GH-4)
Add component (AddParameter): Name = "Digi-Key_Part_Number"; Value = "455-1580-1-ND"; VariantName = "[No Variations]"
Add component (AddParameter): Name = "Digi-Key_Purchase_URL"; Value = "https://www.digikey.com/product-detail/en/jst-sales-america-inc/BM04B-GHS-TBT_LF__SN__N_/455-1580-1-ND/807848?utm_source=snapeda&utm_medium=aggregator&utm_campaign=symbol"; VariantName = "[No Variations]"
Add component (AddParameter): Name = "MF"; Value = "JST Sales"; VariantName = "[No Variations]"
Add component (AddParameter): Name = "MP"; Value = "BM04B-GHS-TBT_LF__SN__N_"; VariantName = "[No Variations]"
Add component (AddParameter): Name = "Package"; Value = "None"; VariantName = "[No Variations]"
Add component (AddParameter): Name = "SnapEDA_Link"; Value = "https://www.snapeda.com/parts/BM04B-GHS-TBT%28LF%29%28SN%29%28N%29/JST%20Sales%20America%20Inc./view-part/841999/?ref=snap"; VariantName = "[No Variations]"
Add component (AddParameter): Name = "Value"; Value = ""; VariantName = "[No Variations]"
Added Component: Designator=U2(MAX4995AAUT+T)
Added Pin To Net: NetName=GND Pin=*1-3
Added Pin To Net: NetName=GND Pin=C13-2
Added Pin To Net: NetName=GND Pin=C14-1
Added Pin To Net: NetName=GND Pin=C15-1
Added Pin To Net: NetName=GND Pin=C16-1
Added Pin To Net: NetName=GND Pin=C17-1
Added Pin To Net: NetName=GND Pin=C18-1
Added Pin To Net: NetName=GND Pin=C19-1
Added Pin To Net: NetName=GND Pin=C20-1
Added Pin To Net: NetName=GND Pin=D13-1
Added Pin To Net: NetName=GND Pin=D13-4
Added Pin To Net: NetName=GND Pin=J1-2
Added Pin To Net: NetName=GND Pin=J1-3
Added Pin To Net: NetName=GND Pin=J1-4
Added Pin To Net: NetName=GND Pin=J2-5
Added Pin To Net: NetName=GND Pin=J2-6
Added Pin To Net: NetName=GND Pin=J2-7
Added Pin To Net: NetName=GND Pin=J2-8
Added Pin To Net: NetName=GND Pin=J2-9
Added Pin To Net: NetName=GND Pin=J2-10
Added Pin To Net: NetName=GND Pin=J2-11
Added Pin To Net: NetName=GND Pin=J3-2
Added Pin To Net: NetName=GND Pin=J3-3
Added Pin To Net: NetName=GND Pin=J3-4
Added Pin To Net: NetName=GND Pin=Q13-2
Added Pin To Net: NetName=GND Pin=R19-1
Added Pin To Net: NetName=GND Pin=R20-1
Added Pin To Net: NetName=GND Pin=R21-1
Added Pin To Net: NetName=GND Pin=R27-1
Added Pin To Net: NetName=GND Pin=R34-2
Added Pin To Net: NetName=GND Pin=Tele_1-4
Added Pin To Net: NetName=GND Pin=Tele_1-4
Added Pin To Net: NetName=GND Pin=Tele_1-4
Added Pin To Net: NetName=GND Pin=Tele_1-S1
Added Pin To Net: NetName=GND Pin=Tele_1-S1
Added Pin To Net: NetName=GND Pin=Tele_1-S1
Added Pin To Net: NetName=GND Pin=Tele_1-S2
Added Pin To Net: NetName=GND Pin=Tele_1-S2
Added Pin To Net: NetName=GND Pin=Tele_1-S2
Added Pin To Net: NetName=GND Pin=Tele_2-4
Added Pin To Net: NetName=GND Pin=Tele_2-S1
Added Pin To Net: NetName=GND Pin=Tele_2-S2
Added Pin To Net: NetName=GND Pin=U2-2
Added Pin To Net: NetName=+5 Pin=*1-1
Added Pin To Net: NetName=+5 Pin=C13-1
Added Pin To Net: NetName=+5 Pin=C14-2
Added Pin To Net: NetName=+5 Pin=C18-2
Added Pin To Net: NetName=+5 Pin=C20-2
Added Pin To Net: NetName=+5 Pin=D13-2
Added Pin To Net: NetName=+5 Pin=D13-5
Added Pin To Net: NetName=+5 Pin=F1-2
Added Pin To Net: NetName=+5 Pin=J3-1
Added Pin To Net: NetName=+5 Pin=R24-1
Added Pin To Net: NetName=+5 Pin=R25-2
Added Pin To Net: NetName=+5 Pin=Tele_1-1
Added Pin To Net: NetName=+5 Pin=U2-5
Added Net: Name=+5
Added Pin To Net: NetName=Net*1_2 Pin=*1-2
Added Pin To Net: NetName=Net*1_2 Pin=R35-1
Added Net: Name=Net*1_2
Added Pin To Net: NetName=NetC15_2 Pin=C15-2
Added Pin To Net: NetName=NetC15_2 Pin=C16-2
Added Pin To Net: NetName=NetC15_2 Pin=C17-2
Added Pin To Net: NetName=NetC15_2 Pin=T1-1
Added Pin To Net: NetName=NetC15_2 Pin=Tele_2-1
Added Pin To Net: NetName=NetC15_2 Pin=U2-1
Added Net: Name=NetC15_2
Added Pin To Net: NetName=NetC19_2 Pin=C19-2
Added Pin To Net: NetName=NetC19_2 Pin=R35-2
Added Net: Name=NetC19_2
Added Pin To Net: NetName=NetD1_1 Pin=R1-1
Added Pin To Net: NetName=NetD1_1 Pin=R4-2
Added Pin To Net: NetName=NetD1_1 Pin=R7-1
Added Net: Name=NetD1_1
Added Pin To Net: NetName=NetD1_2 Pin=J_2-1
Added Pin To Net: NetName=NetD1_2 Pin=J_2-1
Added Pin To Net: NetName=NetD1_2 Pin=Q1-1
Added Pin To Net: NetName=NetD1_2 Pin=Q1-1
Added Pin To Net: NetName=NetD1_2 Pin=Q1-1
Added Pin To Net: NetName=NetD1_2 Pin=Q2-1
Added Pin To Net: NetName=NetD1_2 Pin=Q2-1
Added Pin To Net: NetName=NetD1_2 Pin=Q2-1
Added Pin To Net: NetName=NetD1_2 Pin=Q7-8
Added Pin To Net: NetName=NetD1_2 Pin=Q7-8
Added Pin To Net: NetName=NetD1_2 Pin=Q7-8
Added Pin To Net: NetName=NetD1_2 Pin=Q7-8
Added Pin To Net: NetName=NetD1_2 Pin=Q7-8
Added Pin To Net: NetName=NetD1_2 Pin=Q8-8
Added Pin To Net: NetName=NetD1_2 Pin=Q8-8
Added Pin To Net: NetName=NetD1_2 Pin=Q8-8
Added Pin To Net: NetName=NetD1_2 Pin=Q8-8
Added Pin To Net: NetName=NetD1_2 Pin=Q8-8
Added Pin To Net: NetName=NetD1_2 Pin=R4-1
Added Net: Name=NetD1_2
Added Pin To Net: NetName=NetD2_1 Pin=R2-1
Added Pin To Net: NetName=NetD2_1 Pin=R5-2
Added Pin To Net: NetName=NetD2_1 Pin=R8-1
Added Net: Name=NetD2_1
Added Pin To Net: NetName=NetD2_2 Pin=J_3-1
Added Pin To Net: NetName=NetD2_2 Pin=J_3-1
Added Pin To Net: NetName=NetD2_2 Pin=Q3-1
Added Pin To Net: NetName=NetD2_2 Pin=Q3-1
Added Pin To Net: NetName=NetD2_2 Pin=Q3-1
Added Pin To Net: NetName=NetD2_2 Pin=Q4-1
Added Pin To Net: NetName=NetD2_2 Pin=Q4-1
Added Pin To Net: NetName=NetD2_2 Pin=Q4-1
Added Pin To Net: NetName=NetD2_2 Pin=Q9-8
Added Pin To Net: NetName=NetD2_2 Pin=Q9-8
Added Pin To Net: NetName=NetD2_2 Pin=Q9-8
Added Pin To Net: NetName=NetD2_2 Pin=Q9-8
Added Pin To Net: NetName=NetD2_2 Pin=Q9-8
Added Pin To Net: NetName=NetD2_2 Pin=Q10-8
Added Pin To Net: NetName=NetD2_2 Pin=Q10-8
Added Pin To Net: NetName=NetD2_2 Pin=Q10-8
Added Pin To Net: NetName=NetD2_2 Pin=Q10-8
Added Pin To Net: NetName=NetD2_2 Pin=Q10-8
Added Pin To Net: NetName=NetD2_2 Pin=R5-1
Added Net: Name=NetD2_2
Added Pin To Net: NetName=NetD3_1 Pin=R3-1
Added Pin To Net: NetName=NetD3_1 Pin=R6-2
Added Pin To Net: NetName=NetD3_1 Pin=R9-1
Added Net: Name=NetD3_1
Added Pin To Net: NetName=NetD3_2 Pin=J_4-1
Added Pin To Net: NetName=NetD3_2 Pin=J_4-1
Added Pin To Net: NetName=NetD3_2 Pin=Q5-1
Added Pin To Net: NetName=NetD3_2 Pin=Q5-1
Added Pin To Net: NetName=NetD3_2 Pin=Q5-1
Added Pin To Net: NetName=NetD3_2 Pin=Q6-1
Added Pin To Net: NetName=NetD3_2 Pin=Q6-1
Added Pin To Net: NetName=NetD3_2 Pin=Q6-1
Added Pin To Net: NetName=NetD3_2 Pin=Q11-8
Added Pin To Net: NetName=NetD3_2 Pin=Q11-8
Added Pin To Net: NetName=NetD3_2 Pin=Q11-8
Added Pin To Net: NetName=NetD3_2 Pin=Q11-8
Added Pin To Net: NetName=NetD3_2 Pin=Q11-8
Added Pin To Net: NetName=NetD3_2 Pin=Q12-8
Added Pin To Net: NetName=NetD3_2 Pin=Q12-8
Added Pin To Net: NetName=NetD3_2 Pin=Q12-8
Added Pin To Net: NetName=NetD3_2 Pin=Q12-8
Added Pin To Net: NetName=NetD3_2 Pin=Q12-8
Added Pin To Net: NetName=NetD3_2 Pin=R6-1
Added Net: Name=NetD3_2
Added Pin To Net: NetName=NetD7_1 Pin=R10-1
Added Pin To Net: NetName=NetD7_1 Pin=R13-2
Added Pin To Net: NetName=NetD7_1 Pin=R16-1
Added Net: Name=NetD7_1
Added Pin To Net: NetName=NetD7_2 Pin=Q7-1
Added Pin To Net: NetName=NetD7_2 Pin=Q7-1
Added Pin To Net: NetName=NetD7_2 Pin=Q7-1
Added Pin To Net: NetName=NetD7_2 Pin=Q8-1
Added Pin To Net: NetName=NetD7_2 Pin=Q8-1
Added Pin To Net: NetName=NetD7_2 Pin=Q8-1
Added Pin To Net: NetName=NetD7_2 Pin=R13-1
Added Pin To Net: NetName=NetD7_2 Pin=R19-2
Added Net: Name=NetD7_2
Added Pin To Net: NetName=NetD8_1 Pin=R11-1
Added Pin To Net: NetName=NetD8_1 Pin=R14-2
Added Pin To Net: NetName=NetD8_1 Pin=R17-1
Added Net: Name=NetD8_1
Added Pin To Net: NetName=NetD8_2 Pin=Q9-1
Added Pin To Net: NetName=NetD8_2 Pin=Q9-1
Added Pin To Net: NetName=NetD8_2 Pin=Q9-1
Added Pin To Net: NetName=NetD8_2 Pin=Q10-1
Added Pin To Net: NetName=NetD8_2 Pin=Q10-1
Added Pin To Net: NetName=NetD8_2 Pin=Q10-1
Added Pin To Net: NetName=NetD8_2 Pin=R14-1
Added Pin To Net: NetName=NetD8_2 Pin=R20-2
Added Net: Name=NetD8_2
Added Pin To Net: NetName=NetD9_1 Pin=R12-1
Added Pin To Net: NetName=NetD9_1 Pin=R15-2
Added Pin To Net: NetName=NetD9_1 Pin=R18-1
Added Net: Name=NetD9_1
Added Pin To Net: NetName=NetD9_2 Pin=Q11-1
Added Pin To Net: NetName=NetD9_2 Pin=Q11-1
Added Pin To Net: NetName=NetD9_2 Pin=Q11-1
Added Pin To Net: NetName=NetD9_2 Pin=Q12-1
Added Pin To Net: NetName=NetD9_2 Pin=Q12-1
Added Pin To Net: NetName=NetD9_2 Pin=Q12-1
Added Pin To Net: NetName=NetD9_2 Pin=R15-1
Added Pin To Net: NetName=NetD9_2 Pin=R21-2
Added Net: Name=NetD9_2
Added Pin To Net: NetName=NetD10_1 Pin=R23-2
Added Pin To Net: NetName=NetD10_1 Pin=Tele_1-3
Added Net: Name=NetD10_1
Added Pin To Net: NetName=NetD11_1 Pin=R22-2
Added Pin To Net: NetName=NetD11_1 Pin=Tele_1-2
Added Net: Name=NetD11_1
Added Pin To Net: NetName=NetD12_2 Pin=Q13-3
Added Pin To Net: NetName=NetD12_2 Pin=R24-2
Added Net: Name=NetD12_2
Added Pin To Net: NetName=NetD13_3 Pin=D13-3
Added Pin To Net: NetName=NetD13_3 Pin=R28-2
Added Pin To Net: NetName=NetD13_3 Pin=Tele_1-2
Added Net: Name=NetD13_3
Added Pin To Net: NetName=NetD13_6 Pin=D13-6
Added Pin To Net: NetName=NetD13_6 Pin=R29-2
Added Pin To Net: NetName=NetD13_6 Pin=Tele_1-3
Added Net: Name=NetD13_6
Added Pin To Net: NetName=NetD14_1 Pin=R30-2
Added Net: Name=NetD14_1
Added Net: Name=NetD15_1
Added Net: Name=NetD16_1
Added Net: Name=NetD16_2
Added Net: Name=NetD16_3
Added Net: Name=NetD17_2
Added Pin To Net: NetName=NetD18_2 Pin=J2-1
Added Pin To Net: NetName=NetD18_2 Pin=R31-2
Added Net: Name=NetD18_2
Added Pin To Net: NetName=NetD19_2 Pin=J2-3
Added Pin To Net: NetName=NetD19_2 Pin=R33-2
Added Net: Name=NetD19_2
Added Pin To Net: NetName=NetD19_3 Pin=J2-2
Added Pin To Net: NetName=NetD19_3 Pin=R32-2
Added Net: Name=NetD19_3
Added Pin To Net: NetName=NetF1_1 Pin=F1-1
Added Pin To Net: NetName=NetF1_1 Pin=Tele_1-1
Added Net: Name=NetF1_1
Added Pin To Net: NetName=NetJ1_1 Pin=J1-1
Added Pin To Net: NetName=NetJ1_1 Pin=R28-1
Added Net: Name=NetJ1_1
Added Pin To Net: NetName=NetQ1_4 Pin=Q1-4
Added Pin To Net: NetName=NetQ1_4 Pin=R7-2
Added Net: Name=NetQ1_4
Added Pin To Net: NetName=NetQ2_4 Pin=Q2-4
Added Pin To Net: NetName=NetQ2_4 Pin=R1-2
Added Net: Name=NetQ2_4
Added Pin To Net: NetName=NetQ3_4 Pin=Q3-4
Added Pin To Net: NetName=NetQ3_4 Pin=R8-2
Added Net: Name=NetQ3_4
Added Pin To Net: NetName=NetQ4_4 Pin=Q4-4
Added Pin To Net: NetName=NetQ4_4 Pin=R2-2
Added Net: Name=NetQ4_4
Added Pin To Net: NetName=NetQ5_4 Pin=Q5-4
Added Pin To Net: NetName=NetQ5_4 Pin=R9-2
Added Net: Name=NetQ5_4
Added Pin To Net: NetName=NetQ6_4 Pin=Q6-4
Added Pin To Net: NetName=NetQ6_4 Pin=R3-2
Added Net: Name=NetQ6_4
Added Pin To Net: NetName=NetQ7_4 Pin=Q7-4
Added Pin To Net: NetName=NetQ7_4 Pin=R16-2
Added Net: Name=NetQ7_4
Added Pin To Net: NetName=NetQ8_4 Pin=Q8-4
Added Pin To Net: NetName=NetQ8_4 Pin=R10-2
Added Net: Name=NetQ8_4
Added Pin To Net: NetName=NetQ9_4 Pin=Q9-4
Added Pin To Net: NetName=NetQ9_4 Pin=R17-2
Added Net: Name=NetQ9_4
Added Pin To Net: NetName=NetQ10_4 Pin=Q10-4
Added Pin To Net: NetName=NetQ10_4 Pin=R11-2
Added Net: Name=NetQ10_4
Added Pin To Net: NetName=NetQ11_4 Pin=Q11-4
Added Pin To Net: NetName=NetQ11_4 Pin=R18-2
Added Net: Name=NetQ11_4
Added Pin To Net: NetName=NetQ12_4 Pin=Q12-4
Added Pin To Net: NetName=NetQ12_4 Pin=R12-2
Added Net: Name=NetQ12_4
Added Pin To Net: NetName=NetQ13_1 Pin=Q13-1
Added Pin To Net: NetName=NetQ13_1 Pin=R26-2
Added Net: Name=NetQ13_1
Added Pin To Net: NetName=NetR22_1 Pin=R22-1
Added Net: Name=NetR22_1
Added Pin To Net: NetName=NetR23_1 Pin=R23-1
Added Net: Name=NetR23_1
Added Pin To Net: NetName=NetR25_1 Pin=R25-1
Added Net: Name=NetR25_1
Added Pin To Net: NetName=NetR26_1 Pin=R26-1
Added Pin To Net: NetName=NetR26_1 Pin=U2-6
Added Net: Name=NetR26_1
Added Pin To Net: NetName=NetR27_2 Pin=R27-2
Added Pin To Net: NetName=NetR27_2 Pin=U2-3
Added Net: Name=NetR27_2
Added Pin To Net: NetName=NetR29_1 Pin=R29-1
Added Net: Name=NetR29_1
Added Pin To Net: NetName=NetR30_1 Pin=R30-1
Added Net: Name=NetR30_1
Added Pin To Net: NetName=NetR31_1 Pin=R31-1
Added Net: Name=NetR31_1
Added Pin To Net: NetName=NetR32_1 Pin=R32-1
Added Net: Name=NetR32_1
Added Pin To Net: NetName=NetR33_1 Pin=R33-1
Added Net: Name=NetR33_1
Added Pin To Net: NetName=NetR34_1 Pin=R34-1
Added Net: Name=NetR34_1
Added Pin To Net: NetName=NetTele_1_2 Pin=Tele_1-2
Added Pin To Net: NetName=NetTele_1_2 Pin=Tele_2-2
Added Net: Name=NetTele_1_2
Added Pin To Net: NetName=NetTele_1_3 Pin=Tele_1-3
Added Pin To Net: NetName=NetTele_1_3 Pin=Tele_2-3
Added Net: Name=NetTele_1_3
Added Net: Name=NetU1_1
Added Net: Name=NetU1_4
Added Pin To Net: NetName=NetU2_4 Pin=U2-4
Added Net: Name=NetU2_4
Added Net: Name=NetU4_18
Added Net: Name=NetU4_36
Added Net: Name=NetU4_37
Added Net: Name=NetU4_40
Added Net: Name=NetU4_41
Added Net: Name=NetU4_42
Added Pin To Net: NetName=VDC Pin=Q1-8
Added Pin To Net: NetName=VDC Pin=Q1-8
Added Pin To Net: NetName=VDC Pin=Q1-8
Added Pin To Net: NetName=VDC Pin=Q1-8
Added Pin To Net: NetName=VDC Pin=Q1-8
Added Pin To Net: NetName=VDC Pin=Q2-8
Added Pin To Net: NetName=VDC Pin=Q2-8
Added Pin To Net: NetName=VDC Pin=Q2-8
Added Pin To Net: NetName=VDC Pin=Q2-8
Added Pin To Net: NetName=VDC Pin=Q2-8
Added Pin To Net: NetName=VDC Pin=Q3-8
Added Pin To Net: NetName=VDC Pin=Q3-8
Added Pin To Net: NetName=VDC Pin=Q3-8
Added Pin To Net: NetName=VDC Pin=Q3-8
Added Pin To Net: NetName=VDC Pin=Q3-8
Added Pin To Net: NetName=VDC Pin=Q4-8
Added Pin To Net: NetName=VDC Pin=Q4-8
Added Pin To Net: NetName=VDC Pin=Q4-8
Added Pin To Net: NetName=VDC Pin=Q4-8
Added Pin To Net: NetName=VDC Pin=Q4-8
Added Pin To Net: NetName=VDC Pin=Q5-8
Added Pin To Net: NetName=VDC Pin=Q5-8
Added Pin To Net: NetName=VDC Pin=Q5-8
Added Pin To Net: NetName=VDC Pin=Q5-8
Added Pin To Net: NetName=VDC Pin=Q5-8
Added Pin To Net: NetName=VDC Pin=Q6-8
Added Pin To Net: NetName=VDC Pin=Q6-8
Added Pin To Net: NetName=VDC Pin=Q6-8
Added Pin To Net: NetName=VDC Pin=Q6-8
Added Pin To Net: NetName=VDC Pin=Q6-8
Added Net: Name=VDC
Added Member To Class: ClassName=thesis Member=Component *1 TMP235AEDBZRQ1_1
Added Member To Class: ClassName=thesis Member=Component C13 Cap_0603
Added Member To Class: ClassName=thesis Member=Component C14 Cap_0603
Added Member To Class: ClassName=thesis Member=Component C15 Cap_0603
Added Member To Class: ClassName=thesis Member=Component C16 Cap_0603
Added Member To Class: ClassName=thesis Member=Component C17 Cap_0603
Added Member To Class: ClassName=thesis Member=Component C18 100n
Added Member To Class: ClassName=thesis Member=Component C19 Cap_0603
Added Member To Class: ClassName=thesis Member=Component C20 Cap_0603
Added Member To Class: ClassName=thesis Member=Component D13 BAV99S,115
Added Member To Class: ClassName=thesis Member=Component F1 Polyfuse
Added Member To Class: ClassName=thesis Member=Component J1 JST-GH-2
Added Member To Class: ClassName=thesis Member=Component J2 USB_micro
Added Member To Class: ClassName=thesis Member=Component J3 JST-GH-2
Added Member To Class: ClassName=thesis Member=Component J_2 Connector
Added Member To Class: ClassName=thesis Member=Component J_3 Connector
Added Member To Class: ClassName=thesis Member=Component J_4 Connector
Added Member To Class: ClassName=thesis Member=Component Q1 BSC021N08NS5ATMA1
Added Member To Class: ClassName=thesis Member=Component Q2 BSC021N08NS5ATMA1
Added Member To Class: ClassName=thesis Member=Component Q3 BSC021N08NS5ATMA1
Added Member To Class: ClassName=thesis Member=Component Q4 BSC021N08NS5ATMA1
Added Member To Class: ClassName=thesis Member=Component Q5 BSC021N08NS5ATMA1
Added Member To Class: ClassName=thesis Member=Component Q6 BSC021N08NS5ATMA1
Added Member To Class: ClassName=thesis Member=Component Q7 BSC021N08NS5ATMA1
Added Member To Class: ClassName=thesis Member=Component Q8 BSC021N08NS5ATMA1
Added Member To Class: ClassName=thesis Member=Component Q9 BSC021N08NS5ATMA1
Added Member To Class: ClassName=thesis Member=Component Q10 BSC021N08NS5ATMA1
Added Member To Class: ClassName=thesis Member=Component Q11 BSC021N08NS5ATMA1
Added Member To Class: ClassName=thesis Member=Component Q12 BSC021N08NS5ATMA1
Added Member To Class: ClassName=thesis Member=Component Q13 BSS138
Added Member To Class: ClassName=thesis Member=Component R1 RES_0603
Added Member To Class: ClassName=thesis Member=Component R2 RES_0603
Added Member To Class: ClassName=thesis Member=Component R3 RES_0603
Added Member To Class: ClassName=thesis Member=Component R4 RES_0603
Added Member To Class: ClassName=thesis Member=Component R5 RES_0603
Added Member To Class: ClassName=thesis Member=Component R6 RES_0603
Added Member To Class: ClassName=thesis Member=Component R7 RES_0603
Added Member To Class: ClassName=thesis Member=Component R8 RES_0603
Added Member To Class: ClassName=thesis Member=Component R9 RES_0603
Added Member To Class: ClassName=thesis Member=Component R10 RES_0603
Added Member To Class: ClassName=thesis Member=Component R11 RES_0603
Added Member To Class: ClassName=thesis Member=Component R12 RES_0603
Added Member To Class: ClassName=thesis Member=Component R13 RES_0603
Added Member To Class: ClassName=thesis Member=Component R14 RES_0603
Added Member To Class: ClassName=thesis Member=Component R15 RES_0603
Added Member To Class: ClassName=thesis Member=Component R16 RES_0603
Added Member To Class: ClassName=thesis Member=Component R17 RES_0603
Added Member To Class: ClassName=thesis Member=Component R18 RES_0603
Added Member To Class: ClassName=thesis Member=Component R19 WSLP25122L000FEA
Added Member To Class: ClassName=thesis Member=Component R20 WSLP25122L000FEA
Added Member To Class: ClassName=thesis Member=Component R21 WSLP25122L000FEA
Added Member To Class: ClassName=thesis Member=Component R22 RES_0603
Added Member To Class: ClassName=thesis Member=Component R23 RES_0603
Added Member To Class: ClassName=thesis Member=Component R24 RES_0603
Added Member To Class: ClassName=thesis Member=Component R25 1k
Added Member To Class: ClassName=thesis Member=Component R26 RES_0603
Added Member To Class: ClassName=thesis Member=Component R27 RES_0603
Added Member To Class: ClassName=thesis Member=Component R28 RES_0603
Added Member To Class: ClassName=thesis Member=Component R29 RES_0603
Added Member To Class: ClassName=thesis Member=Component R30 RES_0603
Added Member To Class: ClassName=thesis Member=Component R31 RES_0603
Added Member To Class: ClassName=thesis Member=Component R32 RES_0603
Added Member To Class: ClassName=thesis Member=Component R33 RES_0603
Added Member To Class: ClassName=thesis Member=Component R34 RES_0603
Added Member To Class: ClassName=thesis Member=Component R35 RES_0603
Added Member To Class: ClassName=thesis Member=Component T1 TestPoint
Added Member To Class: ClassName=thesis Member=Component Tele_1 JST-GH-4
Added Member To Class: ClassName=thesis Member=Component Tele_1 JST-GH-4
Added Member To Class: ClassName=thesis Member=Component Tele_1 JST-GH-4
Added Member To Class: ClassName=thesis Member=Component Tele_2 JST-GH-4
Added Member To Class: ClassName=thesis Member=Component U2 MAX4995A
Added Room: Name=thesis
